ARM GAS  C:\Users\Admin\AppData\Local\Temp\ccvDfx4N.s 			page 1


   1              		.cpu cortex-m3
   2              		.eabi_attribute 20, 1
   3              		.eabi_attribute 21, 1
   4              		.eabi_attribute 23, 3
   5              		.eabi_attribute 24, 1
   6              		.eabi_attribute 25, 1
   7              		.eabi_attribute 26, 1
   8              		.eabi_attribute 30, 1
   9              		.eabi_attribute 34, 1
  10              		.eabi_attribute 18, 4
  11              		.file	"CondOpenMode.cpp"
  12              		.text
  13              	.Ltext0:
  14              		.cfi_sections	.debug_frame
  15              		.section	.text._ZN12CondOpenMode8CheckKeyEm4Side,"ax",%progbits
  16              		.align	1
  17              		.global	_ZN12CondOpenMode8CheckKeyEm4Side
  18              		.arch armv7-m
  19              		.syntax unified
  20              		.thumb
  21              		.thumb_func
  22              		.fpu softvfp
  24              	_ZN12CondOpenMode8CheckKeyEm4Side:
  25              		.fnstart
  26              	.LVL0:
  27              	.LFB0:
  28              		.file 1 "Core/Src/Intercom/CondOpenMode.cpp"
   1:Core/Src/Intercom/CondOpenMode.cpp **** #include "Intercom/CondOpenMode.h"
   2:Core/Src/Intercom/CondOpenMode.cpp **** 
   3:Core/Src/Intercom/CondOpenMode.cpp **** bool CondOpenMode::CheckKey(uint32_t key, Side side)
   4:Core/Src/Intercom/CondOpenMode.cpp **** {
  29              		.loc 1 4 1 view -0
  30              		.cfi_startproc
  31              		@ args = 0, pretend = 0, frame = 0
  32              		@ frame_needed = 0, uses_anonymous_args = 0
  33              		.loc 1 4 1 is_stmt 0 view .LVU1
  34 0000 10B5     		push	{r4, lr}
  35              		.save {r4, lr}
  36              	.LCFI0:
  37              		.cfi_def_cfa_offset 8
  38              		.cfi_offset 4, -8
  39              		.cfi_offset 14, -4
   5:Core/Src/Intercom/CondOpenMode.cpp ****     this->intercom->TransitionTo(new OpenMode);
  40              		.loc 1 5 5 is_stmt 1 view .LVU2
  41              		.loc 1 5 11 is_stmt 0 view .LVU3
  42 0002 4468     		ldr	r4, [r0, #4]
  43              		.loc 1 5 38 view .LVU4
  44 0004 0820     		movs	r0, #8
  45              	.LVL1:
  46              		.loc 1 5 38 view .LVU5
  47 0006 FFF7FEFF 		bl	_Znwj
  48              	.LVL2:
  49              		.loc 1 5 38 view .LVU6
  50 000a 0146     		mov	r1, r0
  51              	.LVL3:
  52              	.LBB14:
  53              	.LBI14:
ARM GAS  C:\Users\Admin\AppData\Local\Temp\ccvDfx4N.s 			page 2


  54              		.file 2 "Core/Inc/Intercom/OpenMode.h"
   1:Core/Inc/Intercom/OpenMode.h **** #pragma once
   2:Core/Inc/Intercom/OpenMode.h **** #include "Intercom.h"
   3:Core/Inc/Intercom/OpenMode.h **** 
   4:Core/Inc/Intercom/OpenMode.h **** class OpenMode : public Mode
  55              		.loc 2 4 7 is_stmt 1 view .LVU7
  56              	.LBB15:
  57              	.LBB16:
  58              	.LBI16:
  59              		.file 3 "Core/Inc/Intercom/Intercom.h"
   1:Core/Inc/Intercom/Intercom.h **** #pragma once
   2:Core/Inc/Intercom/Intercom.h **** #include <cstdint>
   3:Core/Inc/Intercom/Intercom.h **** #include "Side.h"
   4:Core/Inc/Intercom/Intercom.h **** 
   5:Core/Inc/Intercom/Intercom.h **** class Intercom;
   6:Core/Inc/Intercom/Intercom.h **** 
   7:Core/Inc/Intercom/Intercom.h **** class Mode
  60              		.loc 3 7 7 view .LVU8
  61              	.LBB17:
  62 000c 044B     		ldr	r3, .L3
  63 000e 0360     		str	r3, [r0]
  64              	.LVL4:
  65              		.loc 3 7 7 is_stmt 0 view .LVU9
  66              	.LBE17:
  67              	.LBE16:
  68              		.loc 2 4 7 view .LVU10
  69 0010 044B     		ldr	r3, .L3+4
  70 0012 0360     		str	r3, [r0]
  71              	.LVL5:
  72              		.loc 2 4 7 view .LVU11
  73              	.LBE15:
  74              	.LBE14:
  75              		.loc 1 5 33 view .LVU12
  76 0014 2046     		mov	r0, r4
  77 0016 FFF7FEFF 		bl	_ZN8Intercom12TransitionToEP4Mode
  78              	.LVL6:
   6:Core/Src/Intercom/CondOpenMode.cpp ****     
   7:Core/Src/Intercom/CondOpenMode.cpp ****     return true;
  79              		.loc 1 7 5 is_stmt 1 view .LVU13
   8:Core/Src/Intercom/CondOpenMode.cpp **** }...
  80              		.loc 1 8 1 is_stmt 0 view .LVU14
  81 001a 0120     		movs	r0, #1
  82 001c 10BD     		pop	{r4, pc}
  83              	.L4:
  84 001e 00BF     		.align	2
  85              	.L3:
  86 0020 08000000 		.word	_ZTV4Mode+8
  87 0024 08000000 		.word	_ZTV8OpenMode+8
  88              		.cfi_endproc
  89              	.LFE0:
  90              		.fnend
  92              		.section	.text._ZN12CondOpenModeD2Ev,"axG",%progbits,_ZN12CondOpenModeD5Ev,comdat
  93              		.align	1
  94              		.weak	_ZN12CondOpenModeD2Ev
  95              		.syntax unified
  96              		.thumb
  97              		.thumb_func
ARM GAS  C:\Users\Admin\AppData\Local\Temp\ccvDfx4N.s 			page 3


  98              		.fpu softvfp
 100              	_ZN12CondOpenModeD2Ev:
 101              		.fnstart
 102              	.LVL7:
 103              	.LFB8:
 104              		.file 4 "Core/Inc/Intercom/CondOpenMode.h"
   1:Core/Inc/Intercom/CondOpenMode.h **** #pragma once
   2:Core/Inc/Intercom/CondOpenMode.h **** #include "Intercom.h"
   3:Core/Inc/Intercom/CondOpenMode.h **** #include "Intercom/OpenMode.h"
   4:Core/Inc/Intercom/CondOpenMode.h **** 
   5:Core/Inc/Intercom/CondOpenMode.h **** class CondOpenMode : public Mode
 105              		.loc 4 5 7 is_stmt 1 view -0
 106              		.cfi_startproc
 107              		@ args = 0, pretend = 0, frame = 0
 108              		@ frame_needed = 0, uses_anonymous_args = 0
 109              		.loc 4 5 7 is_stmt 0 view .LVU16
 110 0000 10B5     		push	{r4, lr}
 111              	.LCFI1:
 112              		.cfi_def_cfa_offset 8
 113              		.cfi_offset 4, -8
 114              		.cfi_offset 14, -4
 115 0002 0446     		mov	r4, r0
 116              	.LBB18:
 117              		.loc 4 5 7 view .LVU17
 118 0004 024B     		ldr	r3, .L7
 119 0006 0360     		str	r3, [r0]
 120 0008 FFF7FEFF 		bl	_ZN4ModeD2Ev
 121              	.LVL8:
 122              		.loc 4 5 7 view .LVU18
 123              	.LBE18:
 124 000c 2046     		mov	r0, r4
 125 000e 10BD     		pop	{r4, pc}
 126              	.LVL9:
 127              	.L8:
 128              		.loc 4 5 7 view .LVU19
 129              		.align	2
 130              	.L7:
 131 0010 08000000 		.word	.LANCHOR0+8
 132              		.cfi_endproc
 133              	.LFE8:
 134              		.cantunwind
 135              		.fnend
 137              		.weak	_ZN12CondOpenModeD1Ev
 138              		.thumb_set _ZN12CondOpenModeD1Ev,_ZN12CondOpenModeD2Ev
 139              		.section	.text._ZN12CondOpenModeD0Ev,"axG",%progbits,_ZN12CondOpenModeD5Ev,comdat
 140              		.align	1
 141              		.weak	_ZN12CondOpenModeD0Ev
 142              		.syntax unified
 143              		.thumb
 144              		.thumb_func
 145              		.fpu softvfp
 147              	_ZN12CondOpenModeD0Ev:
 148              		.fnstart
 149              	.LVL10:
 150              	.LFB10:
 151              		.loc 4 5 7 is_stmt 1 view -0
 152              		.cfi_startproc
ARM GAS  C:\Users\Admin\AppData\Local\Temp\ccvDfx4N.s 			page 4


 153              		@ args = 0, pretend = 0, frame = 0
 154              		@ frame_needed = 0, uses_anonymous_args = 0
 155              		.loc 4 5 7 is_stmt 0 view .LVU21
 156 0000 10B5     		push	{r4, lr}
 157              	.LCFI2:
 158              		.cfi_def_cfa_offset 8
 159              		.cfi_offset 4, -8
 160              		.cfi_offset 14, -4
 161 0002 0446     		mov	r4, r0
 162              	.LVL11:
 163              	.LBB19:
 164              	.LBI19:
 165              		.loc 4 5 7 is_stmt 1 view .LVU22
 166              	.LBB20:
 167 0004 044B     		ldr	r3, .L11
 168 0006 0360     		str	r3, [r0]
 169 0008 FFF7FEFF 		bl	_ZN4ModeD2Ev
 170              	.LVL12:
 171              		.loc 4 5 7 is_stmt 0 view .LVU23
 172              	.LBE20:
 173              	.LBE19:
 174 000c 0821     		movs	r1, #8
 175 000e 2046     		mov	r0, r4
 176 0010 FFF7FEFF 		bl	_ZdlPvj
 177              	.LVL13:
 178 0014 2046     		mov	r0, r4
 179 0016 10BD     		pop	{r4, pc}
 180              	.LVL14:
 181              	.L12:
 182              		.loc 4 5 7 view .LVU24
 183              		.align	2
 184              	.L11:
 185 0018 08000000 		.word	.LANCHOR0+8
 186              		.cfi_endproc
 187              	.LFE10:
 188              		.cantunwind
 189              		.fnend
 191              		.global	_ZTS12CondOpenMode
 192              		.global	_ZTI12CondOpenMode
 193              		.global	_ZTV12CondOpenMode
 194              		.section	.rodata._ZTI12CondOpenMode,"a"
 195              		.align	2
 198              	_ZTI12CondOpenMode:
 199 0000 08000000 		.word	_ZTVN10__cxxabiv120__si_class_type_infoE+8
 200 0004 00000000 		.word	_ZTS12CondOpenMode
 201 0008 00000000 		.word	_ZTI4Mode
 202              		.section	.rodata._ZTS12CondOpenMode,"a"
 203              		.align	2
 206              	_ZTS12CondOpenMode:
 207 0000 3132436F 		.ascii	"12CondOpenMode\000"
 207      6E644F70 
 207      656E4D6F 
 207      646500
 208              		.section	.rodata._ZTV12CondOpenMode,"a"
 209              		.align	2
 210              		.set	.LANCHOR0,. + 0
 213              	_ZTV12CondOpenMode:
ARM GAS  C:\Users\Admin\AppData\Local\Temp\ccvDfx4N.s 			page 5


 214 0000 00000000 		.word	0
 215 0004 00000000 		.word	_ZTI12CondOpenMode
 216 0008 00000000 		.word	_ZN12CondOpenModeD1Ev
 217 000c 00000000 		.word	_ZN12CondOpenModeD0Ev
 218 0010 00000000 		.word	_ZN12CondOpenMode8CheckKeyEm4Side
 219              		.text
 220              	.Letext0:
 221              		.file 5 "e:\\dev\\tools\\gcc-arm-none-eabi-10-2020-q4-major\\arm-none-eabi\\include\\c++\\10.2.1\\
 222              		.file 6 "e:\\dev\\tools\\gcc-arm-none-eabi-10-2020-q4-major\\arm-none-eabi\\include\\c++\\10.2.1\\
 223              		.file 7 "e:\\dev\\tools\\gcc-arm-none-eabi-10-2020-q4-major\\arm-none-eabi\\include\\machine\\_def
 224              		.file 8 "e:\\dev\\tools\\gcc-arm-none-eabi-10-2020-q4-major\\arm-none-eabi\\include\\sys\\_stdint.
 225              		.file 9 "e:\\dev\\tools\\gcc-arm-none-eabi-10-2020-q4-major\\arm-none-eabi\\include\\stdint.h"
 226              		.file 10 "<built-in>"
 227              		.file 11 "Core/Inc/Side.h"
ARM GAS  C:\Users\Admin\AppData\Local\Temp\ccvDfx4N.s 			page 6


DEFINED SYMBOLS
                            *ABS*:00000000 CondOpenMode.cpp
C:\Users\Admin\AppData\Local\Temp\ccvDfx4N.s:16     .text._ZN12CondOpenMode8CheckKeyEm4Side:00000000 $t
C:\Users\Admin\AppData\Local\Temp\ccvDfx4N.s:24     .text._ZN12CondOpenMode8CheckKeyEm4Side:00000000 _ZN12CondOpenMode8CheckKeyEm4Side
C:\Users\Admin\AppData\Local\Temp\ccvDfx4N.s:86     .text._ZN12CondOpenMode8CheckKeyEm4Side:00000020 $d
.ARM.exidx.text._ZN12CondOpenMode8CheckKeyEm4Side:00000000 $d
C:\Users\Admin\AppData\Local\Temp\ccvDfx4N.s:93     .text._ZN12CondOpenModeD2Ev:00000000 $t
C:\Users\Admin\AppData\Local\Temp\ccvDfx4N.s:100    .text._ZN12CondOpenModeD2Ev:00000000 _ZN12CondOpenModeD2Ev
C:\Users\Admin\AppData\Local\Temp\ccvDfx4N.s:131    .text._ZN12CondOpenModeD2Ev:00000010 $d
.ARM.exidx.text._ZN12CondOpenModeD2Ev:00000000 $d
C:\Users\Admin\AppData\Local\Temp\ccvDfx4N.s:100    .text._ZN12CondOpenModeD2Ev:00000000 _ZN12CondOpenModeD1Ev
C:\Users\Admin\AppData\Local\Temp\ccvDfx4N.s:140    .text._ZN12CondOpenModeD0Ev:00000000 $t
C:\Users\Admin\AppData\Local\Temp\ccvDfx4N.s:147    .text._ZN12CondOpenModeD0Ev:00000000 _ZN12CondOpenModeD0Ev
C:\Users\Admin\AppData\Local\Temp\ccvDfx4N.s:185    .text._ZN12CondOpenModeD0Ev:00000018 $d
.ARM.exidx.text._ZN12CondOpenModeD0Ev:00000000 $d
C:\Users\Admin\AppData\Local\Temp\ccvDfx4N.s:206    .rodata._ZTS12CondOpenMode:00000000 _ZTS12CondOpenMode
C:\Users\Admin\AppData\Local\Temp\ccvDfx4N.s:198    .rodata._ZTI12CondOpenMode:00000000 _ZTI12CondOpenMode
C:\Users\Admin\AppData\Local\Temp\ccvDfx4N.s:213    .rodata._ZTV12CondOpenMode:00000000 _ZTV12CondOpenMode
C:\Users\Admin\AppData\Local\Temp\ccvDfx4N.s:195    .rodata._ZTI12CondOpenMode:00000000 $d
C:\Users\Admin\AppData\Local\Temp\ccvDfx4N.s:203    .rodata._ZTS12CondOpenMode:00000000 $d
C:\Users\Admin\AppData\Local\Temp\ccvDfx4N.s:209    .rodata._ZTV12CondOpenMode:00000000 $d
                           .group:00000000 _ZN12CondOpenModeD5Ev

UNDEFINED SYMBOLS
_Znwj
_ZN8Intercom12TransitionToEP4Mode
_ZTV4Mode
_ZTV8OpenMode
__aeabi_unwind_cpp_pr0
_ZN4ModeD2Ev
_ZdlPvj
_ZTVN10__cxxabiv120__si_class_type_infoE
_ZTI4Mode
