ARM GAS  C:\Users\Admin\AppData\Local\Temp\ccBtOLBM.s 			page 1


   1              		.cpu cortex-m3
   2              		.eabi_attribute 20, 1
   3              		.eabi_attribute 21, 1
   4              		.eabi_attribute 23, 3
   5              		.eabi_attribute 24, 1
   6              		.eabi_attribute 25, 1
   7              		.eabi_attribute 26, 1
   8              		.eabi_attribute 30, 1
   9              		.eabi_attribute 34, 1
  10              		.eabi_attribute 18, 4
  11              		.file	"ImpulseRelay.cpp"
  12              		.text
  13              	.Ltext0:
  14              		.cfi_sections	.debug_frame
  15              		.section	.text._ZN12ImpulseRelayC2EP12GPIO_TypeDeft,"ax",%progbits
  16              		.align	1
  17              		.global	_ZN12ImpulseRelayC2EP12GPIO_TypeDeft
  18              		.arch armv7-m
  19              		.syntax unified
  20              		.thumb
  21              		.thumb_func
  22              		.fpu softvfp
  24              	_ZN12ImpulseRelayC2EP12GPIO_TypeDeft:
  25              		.fnstart
  26              	.LVL0:
  27              	.LFB73:
  28              		.file 1 "Core/Src/ImpulseRelay.cpp"
   1:Core/Src/ImpulseRelay.cpp **** #include "ImpulseRelay.h"
   2:Core/Src/ImpulseRelay.cpp **** 
   3:Core/Src/ImpulseRelay.cpp **** ImpulseRelay::ImpulseRelay(GPIO_TypeDef *GPIOx, uint16_t GPIO_Pin)
  29              		.loc 1 3 1 view -0
  30              		.cfi_startproc
  31              		@ args = 0, pretend = 0, frame = 0
  32              		@ frame_needed = 0, uses_anonymous_args = 0
  33              		.loc 1 3 1 is_stmt 0 view .LVU1
  34 0000 10B5     		push	{r4, lr}
  35              		.save {r4, lr}
  36              	.LCFI0:
  37              		.cfi_def_cfa_offset 8
  38              		.cfi_offset 4, -8
  39              		.cfi_offset 14, -4
  40 0002 0446     		mov	r4, r0
  41              	.LBB2:
   4:Core/Src/ImpulseRelay.cpp ****     : PinOut(GPIOx, GPIO_Pin)
  42              		.loc 1 4 29 view .LVU2
  43 0004 FFF7FEFF 		bl	_ZN6PinOutC2EP12GPIO_TypeDeft
  44              	.LVL1:
  45              		.loc 1 4 29 view .LVU3
  46              	.LBE2:
   5:Core/Src/ImpulseRelay.cpp **** {
   6:Core/Src/ImpulseRelay.cpp **** }...
  47              		.loc 1 6 1 view .LVU4
  48 0008 2046     		mov	r0, r4
  49 000a 10BD     		pop	{r4, pc}
  50              		.loc 1 6 1 view .LVU5
  51              		.cfi_endproc
  52              	.LFE73:
ARM GAS  C:\Users\Admin\AppData\Local\Temp\ccBtOLBM.s 			page 2


  53              		.fnend
  55              		.global	_ZN12ImpulseRelayC1EP12GPIO_TypeDeft
  56              		.thumb_set _ZN12ImpulseRelayC1EP12GPIO_TypeDeft,_ZN12ImpulseRelayC2EP12GPIO_TypeDeft
  57              		.text
  58              	.Letext0:
  59              		.file 2 "e:\\dev\\tools\\gcc-arm-none-eabi-10-2020-q4-major\\arm-none-eabi\\include\\machine\\_def
  60              		.file 3 "e:\\dev\\tools\\gcc-arm-none-eabi-10-2020-q4-major\\arm-none-eabi\\include\\sys\\_stdint.
  61              		.file 4 "Drivers/CMSIS/Device/ST/STM32F1xx/Include/stm32f103xg.h"
  62              		.file 5 "Core/Inc/PinOut.h"
  63              		.file 6 "Core/Inc/ImpulseRelay.h"
  64              		.file 7 "Core/Inc/State.h"
ARM GAS  C:\Users\Admin\AppData\Local\Temp\ccBtOLBM.s 			page 3


DEFINED SYMBOLS
                            *ABS*:00000000 ImpulseRelay.cpp
C:\Users\Admin\AppData\Local\Temp\ccBtOLBM.s:16     .text._ZN12ImpulseRelayC2EP12GPIO_TypeDeft:00000000 $t
C:\Users\Admin\AppData\Local\Temp\ccBtOLBM.s:24     .text._ZN12ImpulseRelayC2EP12GPIO_TypeDeft:00000000 _ZN12ImpulseRelayC2EP12GPIO_TypeDeft
.ARM.exidx.text._ZN12ImpulseRelayC2EP12GPIO_TypeDeft:00000000 $d
C:\Users\Admin\AppData\Local\Temp\ccBtOLBM.s:24     .text._ZN12ImpulseRelayC2EP12GPIO_TypeDeft:00000000 _ZN12ImpulseRelayC1EP12GPIO_TypeDeft

UNDEFINED SYMBOLS
_ZN6PinOutC2EP12GPIO_TypeDeft
__aeabi_unwind_cpp_pr0
