ARM GAS  C:\Users\Admin\AppData\Local\Temp\ccIIiB6S.s 			page 1


   1              		.cpu cortex-m3
   2              		.eabi_attribute 20, 1
   3              		.eabi_attribute 21, 1
   4              		.eabi_attribute 23, 3
   5              		.eabi_attribute 24, 1
   6              		.eabi_attribute 25, 1
   7              		.eabi_attribute 26, 1
   8              		.eabi_attribute 30, 1
   9              		.eabi_attribute 34, 1
  10              		.eabi_attribute 18, 4
  11              		.file	"InterruptPin.cpp"
  12              		.text
  13              	.Ltext0:
  14              		.cfi_sections	.debug_frame
  15              		.section	.text._ZN12InterruptPinC2EP12GPIO_TypeDeft,"ax",%progbits
  16              		.align	1
  17              		.global	_ZN12InterruptPinC2EP12GPIO_TypeDeft
  18              		.arch armv7-m
  19              		.syntax unified
  20              		.thumb
  21              		.thumb_func
  22              		.fpu softvfp
  24              	_ZN12InterruptPinC2EP12GPIO_TypeDeft:
  25              		.fnstart
  26              	.LVL0:
  27              	.LFB73:
  28              		.file 1 "Core/Src/InterruptPin.cpp"
   1:Core/Src/InterruptPin.cpp **** #include "InterruptPin.h"
   2:Core/Src/InterruptPin.cpp **** 
   3:Core/Src/InterruptPin.cpp **** InterruptPin::InterruptPin(GPIO_TypeDef *GPIOx, uint16_t GPIO_Pin) : PinIn(GPIOx, GPIO_Pin)
  29              		.loc 1 3 1 view -0
  30              		.cfi_startproc
  31              		@ args = 0, pretend = 0, frame = 0
  32              		@ frame_needed = 0, uses_anonymous_args = 0
  33              		.loc 1 3 1 is_stmt 0 view .LVU1
  34 0000 10B5     		push	{r4, lr}
  35              		.save {r4, lr}
  36              	.LCFI0:
  37              		.cfi_def_cfa_offset 8
  38              		.cfi_offset 4, -8
  39              		.cfi_offset 14, -4
  40 0002 0446     		mov	r4, r0
  41              	.LBB2:
  42              		.loc 1 3 91 view .LVU2
  43 0004 FFF7FEFF 		bl	_ZN5PinInC2EP12GPIO_TypeDeft
  44              	.LVL1:
  45              		.loc 1 3 91 view .LVU3
  46              	.LBE2:
   4:Core/Src/InterruptPin.cpp **** {
   5:Core/Src/InterruptPin.cpp **** }
  47              		.loc 1 5 1 view .LVU4
  48 0008 2046     		mov	r0, r4
  49 000a 10BD     		pop	{r4, pc}
  50              		.loc 1 5 1 view .LVU5
  51              		.cfi_endproc
  52              	.LFE73:
  53              		.fnend
ARM GAS  C:\Users\Admin\AppData\Local\Temp\ccIIiB6S.s 			page 2


  55              		.global	_ZN12InterruptPinC1EP12GPIO_TypeDeft
  56              		.thumb_set _ZN12InterruptPinC1EP12GPIO_TypeDeft,_ZN12InterruptPinC2EP12GPIO_TypeDeft
  57              		.section	.text._ZN12InterruptPin14isStateChangedEv,"ax",%progbits
  58              		.align	1
  59              		.global	_ZN12InterruptPin14isStateChangedEv
  60              		.syntax unified
  61              		.thumb
  62              		.thumb_func
  63              		.fpu softvfp
  65              	_ZN12InterruptPin14isStateChangedEv:
  66              		.fnstart
  67              	.LVL2:
  68              	.LFB75:
   6:Core/Src/InterruptPin.cpp **** 
   7:Core/Src/InterruptPin.cpp **** bool InterruptPin::isStateChanged()
   8:Core/Src/InterruptPin.cpp **** {
  69              		.loc 1 8 1 is_stmt 1 view -0
  70              		.cfi_startproc
  71              		@ args = 0, pretend = 0, frame = 0
  72              		@ frame_needed = 0, uses_anonymous_args = 0
  73              		@ link register save eliminated.
  74              		.loc 1 8 1 is_stmt 0 view .LVU7
  75 0000 0346     		mov	r3, r0
   9:Core/Src/InterruptPin.cpp ****     if (this->stateChanged == true)
  76              		.loc 1 9 5 is_stmt 1 view .LVU8
  77              		.loc 1 9 15 is_stmt 0 view .LVU9
  78 0002 8079     		ldrb	r0, [r0, #6]	@ zero_extendqisi2
  79              	.LVL3:
  80              		.loc 1 9 5 view .LVU10
  81 0004 00B9     		cbnz	r0, .L5
  82              	.L4:
  10:Core/Src/InterruptPin.cpp ****     {
  11:Core/Src/InterruptPin.cpp ****         this->stateChanged = false;
  12:Core/Src/InterruptPin.cpp ****         return true;
  13:Core/Src/InterruptPin.cpp ****     }
  14:Core/Src/InterruptPin.cpp **** 
  15:Core/Src/InterruptPin.cpp ****     return false;
  16:Core/Src/InterruptPin.cpp **** }
  83              		.loc 1 16 1 view .LVU11
  84 0006 7047     		bx	lr
  85              	.L5:
  11:Core/Src/InterruptPin.cpp ****         return true;
  86              		.loc 1 11 9 is_stmt 1 view .LVU12
  11:Core/Src/InterruptPin.cpp ****         return true;
  87              		.loc 1 11 28 is_stmt 0 view .LVU13
  88 0008 0022     		movs	r2, #0
  89 000a 9A71     		strb	r2, [r3, #6]
  12:Core/Src/InterruptPin.cpp ****     }
  90              		.loc 1 12 9 is_stmt 1 view .LVU14
  12:Core/Src/InterruptPin.cpp ****     }
  91              		.loc 1 12 16 is_stmt 0 view .LVU15
  92 000c FBE7     		b	.L4
  93              		.cfi_endproc
  94              	.LFE75:
  95              		.cantunwind
  96              		.fnend
  98              		.section	.text._ZN12InterruptPin15setStateChangedEv,"ax",%progbits
ARM GAS  C:\Users\Admin\AppData\Local\Temp\ccIIiB6S.s 			page 3


  99              		.align	1
 100              		.global	_ZN12InterruptPin15setStateChangedEv
 101              		.syntax unified
 102              		.thumb
 103              		.thumb_func
 104              		.fpu softvfp
 106              	_ZN12InterruptPin15setStateChangedEv:
 107              		.fnstart
 108              	.LVL4:
 109              	.LFB76:
  17:Core/Src/InterruptPin.cpp **** 
  18:Core/Src/InterruptPin.cpp **** void InterruptPin::setStateChanged()
  19:Core/Src/InterruptPin.cpp **** {
 110              		.loc 1 19 1 is_stmt 1 view -0
 111              		.cfi_startproc
 112              		@ args = 0, pretend = 0, frame = 0
 113              		@ frame_needed = 0, uses_anonymous_args = 0
 114              		@ link register save eliminated.
  20:Core/Src/InterruptPin.cpp ****     this->stateChanged = true;
 115              		.loc 1 20 5 view .LVU17
 116              		.loc 1 20 24 is_stmt 0 view .LVU18
 117 0000 0123     		movs	r3, #1
 118 0002 8371     		strb	r3, [r0, #6]
  21:Core/Src/InterruptPin.cpp **** }...
 119              		.loc 1 21 1 view .LVU19
 120 0004 7047     		bx	lr
 121              		.cfi_endproc
 122              	.LFE76:
 123              		.cantunwind
 124              		.fnend
 126              		.text
 127              	.Letext0:
 128              		.file 2 "e:\\dev\\tools\\gcc-arm-none-eabi-10-2020-q4-major\\arm-none-eabi\\include\\machine\\_def
 129              		.file 3 "e:\\dev\\tools\\gcc-arm-none-eabi-10-2020-q4-major\\arm-none-eabi\\include\\sys\\_stdint.
 130              		.file 4 "Drivers/CMSIS/Device/ST/STM32F1xx/Include/stm32f103xg.h"
 131              		.file 5 "Core/Inc/PinIn.h"
 132              		.file 6 "Core/Inc/InterruptPin.h"
 133              		.file 7 "Core/Inc/State.h"
ARM GAS  C:\Users\Admin\AppData\Local\Temp\ccIIiB6S.s 			page 4


DEFINED SYMBOLS
                            *ABS*:00000000 InterruptPin.cpp
C:\Users\Admin\AppData\Local\Temp\ccIIiB6S.s:16     .text._ZN12InterruptPinC2EP12GPIO_TypeDeft:00000000 $t
C:\Users\Admin\AppData\Local\Temp\ccIIiB6S.s:24     .text._ZN12InterruptPinC2EP12GPIO_TypeDeft:00000000 _ZN12InterruptPinC2EP12GPIO_TypeDeft
.ARM.exidx.text._ZN12InterruptPinC2EP12GPIO_TypeDeft:00000000 $d
C:\Users\Admin\AppData\Local\Temp\ccIIiB6S.s:24     .text._ZN12InterruptPinC2EP12GPIO_TypeDeft:00000000 _ZN12InterruptPinC1EP12GPIO_TypeDeft
C:\Users\Admin\AppData\Local\Temp\ccIIiB6S.s:58     .text._ZN12InterruptPin14isStateChangedEv:00000000 $t
C:\Users\Admin\AppData\Local\Temp\ccIIiB6S.s:65     .text._ZN12InterruptPin14isStateChangedEv:00000000 _ZN12InterruptPin14isStateChangedEv
.ARM.exidx.text._ZN12InterruptPin14isStateChangedEv:00000000 $d
C:\Users\Admin\AppData\Local\Temp\ccIIiB6S.s:99     .text._ZN12InterruptPin15setStateChangedEv:00000000 $t
C:\Users\Admin\AppData\Local\Temp\ccIIiB6S.s:106    .text._ZN12InterruptPin15setStateChangedEv:00000000 _ZN12InterruptPin15setStateChangedEv
.ARM.exidx.text._ZN12InterruptPin15setStateChangedEv:00000000 $d

UNDEFINED SYMBOLS
_ZN5PinInC2EP12GPIO_TypeDeft
__aeabi_unwind_cpp_pr0
