ARM GAS  C:\Users\Admin\AppData\Local\Temp\cc9mOiA8.s 			page 1


   1              		.cpu cortex-m3
   2              		.eabi_attribute 20, 1
   3              		.eabi_attribute 21, 1
   4              		.eabi_attribute 23, 3
   5              		.eabi_attribute 24, 1
   6              		.eabi_attribute 25, 1
   7              		.eabi_attribute 26, 1
   8              		.eabi_attribute 30, 1
   9              		.eabi_attribute 34, 1
  10              		.eabi_attribute 18, 4
  11              		.file	"NormalMode.cpp"
  12              		.text
  13              	.Ltext0:
  14              		.cfi_sections	.debug_frame
  15              		.section	.text._ZN10NormalMode8CheckKeyEm4Side,"ax",%progbits
  16              		.align	1
  17              		.global	_ZN10NormalMode8CheckKeyEm4Side
  18              		.arch armv7-m
  19              		.syntax unified
  20              		.thumb
  21              		.thumb_func
  22              		.fpu softvfp
  24              	_ZN10NormalMode8CheckKeyEm4Side:
  25              		.fnstart
  26              	.LVL0:
  27              	.LFB0:
  28              		.file 1 "Core/Src/Intercom/NormalMode.cpp"
   1:Core/Src/Intercom/NormalMode.cpp **** #include "Intercom/NormalMode.h"
   2:Core/Src/Intercom/NormalMode.cpp **** 
   3:Core/Src/Intercom/NormalMode.cpp **** struct Key
   4:Core/Src/Intercom/NormalMode.cpp **** {
   5:Core/Src/Intercom/NormalMode.cpp ****     uint32_t keyID;
   6:Core/Src/Intercom/NormalMode.cpp ****     Access access;
   7:Core/Src/Intercom/NormalMode.cpp **** };
   8:Core/Src/Intercom/NormalMode.cpp **** 
   9:Core/Src/Intercom/NormalMode.cpp **** Key keys[] =
  10:Core/Src/Intercom/NormalMode.cpp ****     {
  11:Core/Src/Intercom/NormalMode.cpp ****         {12563593, Access::Both},
  12:Core/Src/Intercom/NormalMode.cpp ****         {12563594, Access::Exit}};
  13:Core/Src/Intercom/NormalMode.cpp **** 
  14:Core/Src/Intercom/NormalMode.cpp **** bool NormalMode::CheckKey(uint32_t key, Side side)
  15:Core/Src/Intercom/NormalMode.cpp **** {
  29              		.loc 1 15 1 view -0
  30              		.cfi_startproc
  31              		@ args = 0, pretend = 0, frame = 0
  32              		@ frame_needed = 0, uses_anonymous_args = 0
  33              		@ link register save eliminated.
  16:Core/Src/Intercom/NormalMode.cpp ****     for (unsigned int i = 0; i < sizeof(keys) / sizeof(keys[0]); i++)
  34              		.loc 1 16 5 view .LVU1
  35              	.LBB5:
  36              		.loc 1 16 23 is_stmt 0 view .LVU2
  37 0000 0023     		movs	r3, #0
  38 0002 02E0     		b	.L5
  39              	.LVL1:
  40              	.L3:
  17:Core/Src/Intercom/NormalMode.cpp ****     {
  18:Core/Src/Intercom/NormalMode.cpp ****         if (side == Side::Iniside)
ARM GAS  C:\Users\Admin\AppData\Local\Temp\cc9mOiA8.s 			page 2


  19:Core/Src/Intercom/NormalMode.cpp ****         {
  20:Core/Src/Intercom/NormalMode.cpp ****             if (key == keys[i].keyID && (keys[i].access == Access::Both || keys[i].access == Access
  21:Core/Src/Intercom/NormalMode.cpp ****             {
  22:Core/Src/Intercom/NormalMode.cpp ****                 return true;
  23:Core/Src/Intercom/NormalMode.cpp ****             }
  24:Core/Src/Intercom/NormalMode.cpp ****         }
  25:Core/Src/Intercom/NormalMode.cpp **** 
  26:Core/Src/Intercom/NormalMode.cpp ****         if (side == Side::Outside)
  41              		.loc 1 26 9 is_stmt 1 view .LVU3
  42 0004 012A     		cmp	r2, #1
  43 0006 12D0     		beq	.L9
  44              	.L4:
  16:Core/Src/Intercom/NormalMode.cpp ****     for (unsigned int i = 0; i < sizeof(keys) / sizeof(keys[0]); i++)
  45              		.loc 1 16 5 discriminator 2 view .LVU4
  46 0008 0133     		adds	r3, r3, #1
  47              	.LVL2:
  48              	.L5:
  16:Core/Src/Intercom/NormalMode.cpp ****     for (unsigned int i = 0; i < sizeof(keys) / sizeof(keys[0]); i++)
  49              		.loc 1 16 32 discriminator 1 view .LVU5
  50 000a 012B     		cmp	r3, #1
  51 000c 1DD8     		bhi	.L6
  18:Core/Src/Intercom/NormalMode.cpp ****         {
  52              		.loc 1 18 9 view .LVU6
  53 000e 002A     		cmp	r2, #0
  54 0010 F8D1     		bne	.L3
  20:Core/Src/Intercom/NormalMode.cpp ****             {
  55              		.loc 1 20 13 view .LVU7
  20:Core/Src/Intercom/NormalMode.cpp ****             {
  56              		.loc 1 20 32 is_stmt 0 view .LVU8
  57 0012 0F48     		ldr	r0, .L10
  58 0014 50F83300 		ldr	r0, [r0, r3, lsl #3]
  20:Core/Src/Intercom/NormalMode.cpp ****             {
  59              		.loc 1 20 13 view .LVU9
  60 0018 8842     		cmp	r0, r1
  61 001a F3D1     		bne	.L3
  20:Core/Src/Intercom/NormalMode.cpp ****             {
  62              		.loc 1 20 50 discriminator 1 view .LVU10
  63 001c 0C48     		ldr	r0, .L10
  64 001e 00EBC300 		add	r0, r0, r3, lsl #3
  65 0022 4068     		ldr	r0, [r0, #4]
  20:Core/Src/Intercom/NormalMode.cpp ****             {
  66              		.loc 1 20 73 discriminator 1 view .LVU11
  67 0024 0238     		subs	r0, r0, #2
  20:Core/Src/Intercom/NormalMode.cpp ****             {
  68              		.loc 1 20 38 discriminator 1 view .LVU12
  69 0026 0128     		cmp	r0, #1
  70 0028 ECD8     		bhi	.L3
  22:Core/Src/Intercom/NormalMode.cpp ****             }
  71              		.loc 1 22 24 view .LVU13
  72 002a 0120     		movs	r0, #1
  73 002c 7047     		bx	lr
  74              	.L9:
  27:Core/Src/Intercom/NormalMode.cpp ****         {
  28:Core/Src/Intercom/NormalMode.cpp ****             if (key == keys[i].keyID && (keys[i].access == Access::Both || keys[i].access == Access
  75              		.loc 1 28 13 is_stmt 1 view .LVU14
  76              		.loc 1 28 32 is_stmt 0 view .LVU15
  77 002e 0848     		ldr	r0, .L10
ARM GAS  C:\Users\Admin\AppData\Local\Temp\cc9mOiA8.s 			page 3


  78 0030 50F83300 		ldr	r0, [r0, r3, lsl #3]
  79              		.loc 1 28 13 view .LVU16
  80 0034 8842     		cmp	r0, r1
  81 0036 E7D1     		bne	.L4
  82              		.loc 1 28 50 discriminator 1 view .LVU17
  83 0038 0548     		ldr	r0, .L10
  84 003a 00EBC300 		add	r0, r0, r3, lsl #3
  85 003e 4068     		ldr	r0, [r0, #4]
  86              		.loc 1 28 73 discriminator 1 view .LVU18
  87 0040 0238     		subs	r0, r0, #2
  88              		.loc 1 28 38 discriminator 1 view .LVU19
  89 0042 0128     		cmp	r0, #1
  90 0044 E0D8     		bhi	.L4
  29:Core/Src/Intercom/NormalMode.cpp ****             {
  30:Core/Src/Intercom/NormalMode.cpp ****                 return true;
  91              		.loc 1 30 24 view .LVU20
  92 0046 0120     		movs	r0, #1
  93              	.LBE5:
  31:Core/Src/Intercom/NormalMode.cpp ****             }
  32:Core/Src/Intercom/NormalMode.cpp ****         }
  33:Core/Src/Intercom/NormalMode.cpp ****     }
  34:Core/Src/Intercom/NormalMode.cpp **** 
  35:Core/Src/Intercom/NormalMode.cpp ****     return false;
  36:Core/Src/Intercom/NormalMode.cpp **** }...
  94              		.loc 1 36 1 view .LVU21
  95 0048 7047     		bx	lr
  96              	.L6:
  35:Core/Src/Intercom/NormalMode.cpp ****     return false;
  97              		.loc 1 35 12 view .LVU22
  98 004a 0020     		movs	r0, #0
  99 004c 7047     		bx	lr
 100              	.L11:
 101 004e 00BF     		.align	2
 102              	.L10:
 103 0050 00000000 		.word	.LANCHOR0
 104              		.cfi_endproc
 105              	.LFE0:
 106              		.cantunwind
 107              		.fnend
 109              		.section	.text._ZN10NormalModeD2Ev,"axG",%progbits,_ZN10NormalModeD5Ev,comdat
 110              		.align	1
 111              		.weak	_ZN10NormalModeD2Ev
 112              		.syntax unified
 113              		.thumb
 114              		.thumb_func
 115              		.fpu softvfp
 117              	_ZN10NormalModeD2Ev:
 118              		.fnstart
 119              	.LVL3:
 120              	.LFB2:
 121              		.file 2 "Core/Inc/Intercom/NormalMode.h"
   1:Core/Inc/Intercom/NormalMode.h **** #pragma once
   2:Core/Inc/Intercom/NormalMode.h **** #include "Intercom.h"
   3:Core/Inc/Intercom/NormalMode.h **** #include "Access.h"
   4:Core/Inc/Intercom/NormalMode.h **** 
   5:Core/Inc/Intercom/NormalMode.h **** class NormalMode : public Mode
 122              		.loc 2 5 7 is_stmt 1 view -0
ARM GAS  C:\Users\Admin\AppData\Local\Temp\cc9mOiA8.s 			page 4


 123              		.cfi_startproc
 124              		@ args = 0, pretend = 0, frame = 0
 125              		@ frame_needed = 0, uses_anonymous_args = 0
 126              		.loc 2 5 7 is_stmt 0 view .LVU24
 127 0000 10B5     		push	{r4, lr}
 128              	.LCFI0:
 129              		.cfi_def_cfa_offset 8
 130              		.cfi_offset 4, -8
 131              		.cfi_offset 14, -4
 132 0002 0446     		mov	r4, r0
 133              	.LBB6:
 134              		.loc 2 5 7 view .LVU25
 135 0004 024B     		ldr	r3, .L14
 136 0006 0360     		str	r3, [r0]
 137 0008 FFF7FEFF 		bl	_ZN4ModeD2Ev
 138              	.LVL4:
 139              		.loc 2 5 7 view .LVU26
 140              	.LBE6:
 141 000c 2046     		mov	r0, r4
 142 000e 10BD     		pop	{r4, pc}
 143              	.LVL5:
 144              	.L15:
 145              		.loc 2 5 7 view .LVU27
 146              		.align	2
 147              	.L14:
 148 0010 08000000 		.word	.LANCHOR1+8
 149              		.cfi_endproc
 150              	.LFE2:
 151              		.cantunwind
 152              		.fnend
 154              		.weak	_ZN10NormalModeD1Ev
 155              		.thumb_set _ZN10NormalModeD1Ev,_ZN10NormalModeD2Ev
 156              		.section	.text._ZN10NormalModeD0Ev,"axG",%progbits,_ZN10NormalModeD5Ev,comdat
 157              		.align	1
 158              		.weak	_ZN10NormalModeD0Ev
 159              		.syntax unified
 160              		.thumb
 161              		.thumb_func
 162              		.fpu softvfp
 164              	_ZN10NormalModeD0Ev:
 165              		.fnstart
 166              	.LVL6:
 167              	.LFB4:
 168              		.loc 2 5 7 is_stmt 1 view -0
 169              		.cfi_startproc
 170              		@ args = 0, pretend = 0, frame = 0
 171              		@ frame_needed = 0, uses_anonymous_args = 0
 172              		.loc 2 5 7 is_stmt 0 view .LVU29
 173 0000 10B5     		push	{r4, lr}
 174              	.LCFI1:
 175              		.cfi_def_cfa_offset 8
 176              		.cfi_offset 4, -8
 177              		.cfi_offset 14, -4
 178 0002 0446     		mov	r4, r0
 179              	.LVL7:
 180              	.LBB7:
 181              	.LBI7:
ARM GAS  C:\Users\Admin\AppData\Local\Temp\cc9mOiA8.s 			page 5


 182              		.loc 2 5 7 is_stmt 1 view .LVU30
 183              	.LBB8:
 184 0004 044B     		ldr	r3, .L18
 185 0006 0360     		str	r3, [r0]
 186 0008 FFF7FEFF 		bl	_ZN4ModeD2Ev
 187              	.LVL8:
 188              		.loc 2 5 7 is_stmt 0 view .LVU31
 189              	.LBE8:
 190              	.LBE7:
 191 000c 0821     		movs	r1, #8
 192 000e 2046     		mov	r0, r4
 193 0010 FFF7FEFF 		bl	_ZdlPvj
 194              	.LVL9:
 195 0014 2046     		mov	r0, r4
 196 0016 10BD     		pop	{r4, pc}
 197              	.LVL10:
 198              	.L19:
 199              		.loc 2 5 7 view .LVU32
 200              		.align	2
 201              	.L18:
 202 0018 08000000 		.word	.LANCHOR1+8
 203              		.cfi_endproc
 204              	.LFE4:
 205              		.cantunwind
 206              		.fnend
 208              		.global	_ZTS10NormalMode
 209              		.global	_ZTI10NormalMode
 210              		.global	_ZTV10NormalMode
 211              		.global	keys
 212              		.section	.data.keys,"aw"
 213              		.align	2
 214              		.set	.LANCHOR0,. + 0
 217              	keys:
 218 0000 89B4BF00 		.word	12563593
 219 0004 03000000 		.word	3
 220 0008 8AB4BF00 		.word	12563594
 221 000c 02000000 		.word	2
 222              		.section	.rodata._ZTI10NormalMode,"a"
 223              		.align	2
 226              	_ZTI10NormalMode:
 227 0000 08000000 		.word	_ZTVN10__cxxabiv120__si_class_type_infoE+8
 228 0004 00000000 		.word	_ZTS10NormalMode
 229 0008 00000000 		.word	_ZTI4Mode
 230              		.section	.rodata._ZTS10NormalMode,"a"
 231              		.align	2
 234              	_ZTS10NormalMode:
 235 0000 31304E6F 		.ascii	"10NormalMode\000"
 235      726D616C 
 235      4D6F6465 
 235      00
 236              		.section	.rodata._ZTV10NormalMode,"a"
 237              		.align	2
 238              		.set	.LANCHOR1,. + 0
 241              	_ZTV10NormalMode:
 242 0000 00000000 		.word	0
 243 0004 00000000 		.word	_ZTI10NormalMode
 244 0008 00000000 		.word	_ZN10NormalModeD1Ev
ARM GAS  C:\Users\Admin\AppData\Local\Temp\cc9mOiA8.s 			page 6


 245 000c 00000000 		.word	_ZN10NormalModeD0Ev
 246 0010 00000000 		.word	_ZN10NormalMode8CheckKeyEm4Side
 247              		.text
 248              	.Letext0:
 249              		.file 3 "e:\\dev\\tools\\gcc-arm-none-eabi-10-2020-q4-major\\arm-none-eabi\\include\\c++\\10.2.1\\
 250              		.file 4 "e:\\dev\\tools\\gcc-arm-none-eabi-10-2020-q4-major\\arm-none-eabi\\include\\c++\\10.2.1\\
 251              		.file 5 "e:\\dev\\tools\\gcc-arm-none-eabi-10-2020-q4-major\\arm-none-eabi\\include\\machine\\_def
 252              		.file 6 "e:\\dev\\tools\\gcc-arm-none-eabi-10-2020-q4-major\\arm-none-eabi\\include\\sys\\_stdint.
 253              		.file 7 "e:\\dev\\tools\\gcc-arm-none-eabi-10-2020-q4-major\\arm-none-eabi\\include\\stdint.h"
 254              		.file 8 "Core/Inc/Side.h"
 255              		.file 9 "Core/Inc/Access.h"
 256              		.file 10 "<built-in>"
ARM GAS  C:\Users\Admin\AppData\Local\Temp\cc9mOiA8.s 			page 7


DEFINED SYMBOLS
                            *ABS*:00000000 NormalMode.cpp
C:\Users\Admin\AppData\Local\Temp\cc9mOiA8.s:16     .text._ZN10NormalMode8CheckKeyEm4Side:00000000 $t
C:\Users\Admin\AppData\Local\Temp\cc9mOiA8.s:24     .text._ZN10NormalMode8CheckKeyEm4Side:00000000 _ZN10NormalMode8CheckKeyEm4Side
C:\Users\Admin\AppData\Local\Temp\cc9mOiA8.s:103    .text._ZN10NormalMode8CheckKeyEm4Side:00000050 $d
.ARM.exidx.text._ZN10NormalMode8CheckKeyEm4Side:00000000 $d
C:\Users\Admin\AppData\Local\Temp\cc9mOiA8.s:110    .text._ZN10NormalModeD2Ev:00000000 $t
C:\Users\Admin\AppData\Local\Temp\cc9mOiA8.s:117    .text._ZN10NormalModeD2Ev:00000000 _ZN10NormalModeD2Ev
C:\Users\Admin\AppData\Local\Temp\cc9mOiA8.s:148    .text._ZN10NormalModeD2Ev:00000010 $d
.ARM.exidx.text._ZN10NormalModeD2Ev:00000000 $d
C:\Users\Admin\AppData\Local\Temp\cc9mOiA8.s:117    .text._ZN10NormalModeD2Ev:00000000 _ZN10NormalModeD1Ev
C:\Users\Admin\AppData\Local\Temp\cc9mOiA8.s:157    .text._ZN10NormalModeD0Ev:00000000 $t
C:\Users\Admin\AppData\Local\Temp\cc9mOiA8.s:164    .text._ZN10NormalModeD0Ev:00000000 _ZN10NormalModeD0Ev
C:\Users\Admin\AppData\Local\Temp\cc9mOiA8.s:202    .text._ZN10NormalModeD0Ev:00000018 $d
.ARM.exidx.text._ZN10NormalModeD0Ev:00000000 $d
C:\Users\Admin\AppData\Local\Temp\cc9mOiA8.s:234    .rodata._ZTS10NormalMode:00000000 _ZTS10NormalMode
C:\Users\Admin\AppData\Local\Temp\cc9mOiA8.s:226    .rodata._ZTI10NormalMode:00000000 _ZTI10NormalMode
C:\Users\Admin\AppData\Local\Temp\cc9mOiA8.s:241    .rodata._ZTV10NormalMode:00000000 _ZTV10NormalMode
C:\Users\Admin\AppData\Local\Temp\cc9mOiA8.s:217    .data.keys:00000000 keys
C:\Users\Admin\AppData\Local\Temp\cc9mOiA8.s:213    .data.keys:00000000 $d
C:\Users\Admin\AppData\Local\Temp\cc9mOiA8.s:223    .rodata._ZTI10NormalMode:00000000 $d
C:\Users\Admin\AppData\Local\Temp\cc9mOiA8.s:231    .rodata._ZTS10NormalMode:00000000 $d
C:\Users\Admin\AppData\Local\Temp\cc9mOiA8.s:237    .rodata._ZTV10NormalMode:00000000 $d
                           .group:00000000 _ZN10NormalModeD5Ev

UNDEFINED SYMBOLS
_ZN4ModeD2Ev
_ZdlPvj
_ZTVN10__cxxabiv120__si_class_type_infoE
_ZTI4Mode
